2025-07-05 17:40:51 update headers
2025-11-25 05:39:45 fix config bug
2025-03-18 00:22:10 improve logging format
2025-07-23 13:08:05 improve security
2025-09-10 12:02:04 experimental changes
2025-01-08 06:30:57 update deployment script
2025-01-19 23:54:28 cleanup dependencies
2025-03-29 03:54:12 update schema migration
2025-05-18 09:31:14 rollback changes
2025-09-25 10:27:56 fix misconfiguration
2025-02-11 20:40:17 add tests
2025-08-21 03:14:05 remove test code
2025-09-10 06:31:03 enhance logging
2025-06-09 10:02:29 add tests
2025-05-02 15:09:56 improve security
2025-11-15 05:36:42 add integration tests
2025-04-26 00:23:33 upgrade dependencies
2025-09-22 12:19:37 improve performance
2025-07-23 03:49:39 reorganize files
2025-12-23 18:58:13 update roadmap
2025-01-29 08:18:40 add TODOs
2025-12-08 21:25:52 optimize function
2025-12-17 22:16:22 fix misconfiguration
2025-01-12 22:12:06 merge branch
2025-03-31 01:01:24 update CI pipeline
2025-11-16 14:58:22 reorganize files
2025-05-02 06:52:57 add integration tests
2025-08-29 16:43:17 add example file
2025-02-26 05:07:39 change configuration
2025-08-26 12:32:13 minor changes
2025-11-06 21:38:46 fix permission issue
2025-03-25 05:06:43 update scripts
2025-02-12 22:02:01 fix build error
2025-09-21 02:30:39 update schema migration
2025-08-01 10:34:02 add fallback
2025-05-21 08:28:42 add example file
2025-08-04 19:26:13 improve security
2025-04-22 01:58:25 optimize queries
2025-06-08 13:18:05 patch vulnerability
2025-08-12 05:29:38 improve security
2025-06-14 00:54:39 remove deprecated code
2025-02-20 03:30:25 update logging
2025-04-29 05:15:09 initial commit
2025-04-05 08:46:04 simplify logic
2025-04-10 22:59:00 add example file
2025-05-16 18:38:46 update build script
2025-04-22 12:54:40 add sample data
2025-08-22 18:19:16 patch vulnerability
2025-09-02 10:07:38 update API endpoints
2025-06-22 15:55:05 reorganize files
2025-08-18 04:52:25 update API endpoints
2025-02-13 17:31:46 update build script
2025-10-21 08:50:38 fix misconfiguration
2025-07-22 21:42:52 improve UX
2025-05-17 20:25:27 change configuration
2025-04-28 19:01:37 improve UX
2025-11-28 13:47:01 enhance logging
2025-04-30 23:55:52 improve security
2025-01-02 11:17:45 add fallback
2025-06-24 14:30:19 reorganize files
2025-12-14 17:30:01 add fallback
2025-08-07 07:12:12 add tests
2025-02-08 12:59:57 improve maintainability
2025-11-28 08:00:49 better error handling
2025-02-20 21:34:39 upgrade dependencies
2025-09-12 05:19:45 add unit tests
2025-07-28 02:26:05 cleanup dependencies
2025-01-02 01:44:29 improve UX
2025-01-29 13:12:55 experimental changes
2025-06-29 14:30:41 optimize function
2025-05-03 07:44:43 update deployment script
2025-01-13 14:36:47 add comments
2025-01-16 22:32:22 update docs with examples
2025-04-04 20:55:02 security patch
2025-10-11 19:15:42 remove deprecated code
2025-12-27 01:51:44 hotfix applied
2025-03-14 12:22:53 small refactor
2025-03-20 02:03:30 fix encoding issue
2025-03-17 02:04:42 update headers
2025-02-26 01:30:13 fix config bug
2025-03-21 04:19:27 adjust error messages
2025-09-12 19:37:58 add TODOs
2025-01-09 19:12:43 improve performance
2025-07-01 16:15:46 adjust validation rules
2025-02-19 13:07:59 fix encoding issue
